<?xml version="1.0" encoding="UTF-8"?>
<!-- Generated by org.testng.reporters.JUnitXMLReporter -->
<testsuite hostname="DESKTOP-K9KL98S" ignored="0" name="Default test" tests="2" failures="0" timestamp="2021-02-10T18:44:48 IST" time="8.26" errors="0">
  <testcase name="@BeforeMethod setUp" time="8.026" classname="com.exl.qa.testcases.SearchPageTest">
    <failure type="org.openqa.selenium.SessionNotCreatedException" message="session not created: This version of ChromeDriver only supports Chrome version 85
Build info: version: &amp;apos;3.141.59&amp;apos;, revision: &amp;apos;e82be7d358&amp;apos;, time: &amp;apos;2018-11-14T08:17:03&amp;apos;
System info: host: &amp;apos;DESKTOP-K9KL98S&amp;apos;, ip: &amp;apos;192.168.99.1&amp;apos;, os.name: &amp;apos;Windows 10&amp;apos;, os.arch: &amp;apos;amd64&amp;apos;, os.version: &amp;apos;10.0&amp;apos;, java.version: &amp;apos;1.8.0_241&amp;apos;
Driver info: driver.version: ChromeDriver
remote stacktrace: Backtrace:
	Ordinal0 [0x0147D383+3134339]
	Ordinal0 [0x0136A171+2007409]
	Ordinal0 [0x0120AEE8+569064]
	Ordinal0 [0x0119139F+70559]
	Ordinal0 [0x0118CC63+52323]
	Ordinal0 [0x011B0DFC+200188]
	Ordinal0 [0x011B0C1D+199709]
	Ordinal0 [0x011AEB0B+191243]
	Ordinal0 [0x01192E77+77431]
	Ordinal0 [0x01193E3E+81470]
	Ordinal0 [0x01193DC9+81353]
	Ordinal0 [0x01380CD9+2100441]
	GetHandleVerifier [0x015EB75A+1396954]
	GetHandleVerifier [0x015EB3D9+1396057]
	GetHandleVerifier [0x015F7126+1444518]
	GetHandleVerifier [0x015EBCE8+1398376]
	Ordinal0 [0x01377F51+2064209]
	Ordinal0 [0x013822EB+2106091]
	Ordinal0 [0x01382411+2106385]
	Ordinal0 [0x013949C4+2181572]
	BaseThreadInitThunk [0x75283744+36]
	RtlSetCurrentTransaction [0x774AA064+212]
	RtlSetCurrentTransaction [0x774AA02F+159]
">
      <![CDATA[org.openqa.selenium.SessionNotCreatedException: session not created: This version of ChromeDriver only supports Chrome version 85
Build info: version: '3.141.59', revision: 'e82be7d358', time: '2018-11-14T08:17:03'
System info: host: 'DESKTOP-K9KL98S', ip: '192.168.99.1', os.name: 'Windows 10', os.arch: 'amd64', os.version: '10.0', java.version: '1.8.0_241'
Driver info: driver.version: ChromeDriver
remote stacktrace: Backtrace:
Ordinal0 [0x0147D383+3134339]
Ordinal0 [0x0136A171+2007409]
Ordinal0 [0x0120AEE8+569064]
Ordinal0 [0x0119139F+70559]
Ordinal0 [0x0118CC63+52323]
Ordinal0 [0x011B0DFC+200188]
Ordinal0 [0x011B0C1D+199709]
Ordinal0 [0x011AEB0B+191243]
Ordinal0 [0x01192E77+77431]
Ordinal0 [0x01193E3E+81470]
Ordinal0 [0x01193DC9+81353]
Ordinal0 [0x01380CD9+2100441]
GetHandleVerifier [0x015EB75A+1396954]
GetHandleVerifier [0x015EB3D9+1396057]
GetHandleVerifier [0x015F7126+1444518]
GetHandleVerifier [0x015EBCE8+1398376]
Ordinal0 [0x01377F51+2064209]
Ordinal0 [0x013822EB+2106091]
Ordinal0 [0x01382411+2106385]
Ordinal0 [0x013949C4+2181572]
BaseThreadInitThunk [0x75283744+36]
RtlSetCurrentTransaction [0x774AA064+212]
RtlSetCurrentTransaction [0x774AA02F+159]

at sun.reflect.NativeConstructorAccessorImpl.newInstance0(Native Method)
at sun.reflect.NativeConstructorAccessorImpl.newInstance(NativeConstructorAccessorImpl.java:62)
at sun.reflect.DelegatingConstructorAccessorImpl.newInstance(DelegatingConstructorAccessorImpl.java:45)
at java.lang.reflect.Constructor.newInstance(Constructor.java:423)
at org.openqa.selenium.remote.W3CHandshakeResponse.lambda$errorHandler$0(W3CHandshakeResponse.java:62)
at org.openqa.selenium.remote.HandshakeResponse.lambda$getResponseFunction$0(HandshakeResponse.java:30)
at org.openqa.selenium.remote.ProtocolHandshake.lambda$createSession$0(ProtocolHandshake.java:126)
at java.util.stream.ReferencePipeline$3$1.accept(ReferencePipeline.java:193)
at java.util.Spliterators$ArraySpliterator.tryAdvance(Spliterators.java:958)
at java.util.stream.ReferencePipeline.forEachWithCancel(ReferencePipeline.java:126)
at java.util.stream.AbstractPipeline.copyIntoWithCancel(AbstractPipeline.java:499)
at java.util.stream.AbstractPipeline.copyInto(AbstractPipeline.java:486)
at java.util.stream.AbstractPipeline.wrapAndCopyInto(AbstractPipeline.java:472)
at java.util.stream.FindOps$FindOp.evaluateSequential(FindOps.java:152)
at java.util.stream.AbstractPipeline.evaluate(AbstractPipeline.java:234)
at java.util.stream.ReferencePipeline.findFirst(ReferencePipeline.java:464)
at org.openqa.selenium.remote.ProtocolHandshake.createSession(ProtocolHandshake.java:128)
at org.openqa.selenium.remote.ProtocolHandshake.createSession(ProtocolHandshake.java:74)
at org.openqa.selenium.remote.HttpCommandExecutor.execute(HttpCommandExecutor.java:136)
at org.openqa.selenium.remote.service.DriverCommandExecutor.execute(DriverCommandExecutor.java:83)
at org.openqa.selenium.remote.RemoteWebDriver.execute(RemoteWebDriver.java:552)
at org.openqa.selenium.remote.RemoteWebDriver.startSession(RemoteWebDriver.java:213)
at org.openqa.selenium.remote.RemoteWebDriver.<init>(RemoteWebDriver.java:131)
at org.openqa.selenium.chrome.ChromeDriver.<init>(ChromeDriver.java:181)
at org.openqa.selenium.chrome.ChromeDriver.<init>(ChromeDriver.java:168)
at org.openqa.selenium.chrome.ChromeDriver.<init>(ChromeDriver.java:123)
at com.exl.qa.base.TestBase.initilization(TestBase.java:46)
at com.exl.qa.testcases.SearchPageTest.setUp(SearchPageTest.java:25)
at sun.reflect.NativeMethodAccessorImpl.invoke0(Native Method)
at sun.reflect.NativeMethodAccessorImpl.invoke(NativeMethodAccessorImpl.java:62)
at sun.reflect.DelegatingMethodAccessorImpl.invoke(DelegatingMethodAccessorImpl.java:43)
at java.lang.reflect.Method.invoke(Method.java:498)
at org.testng.internal.MethodInvocationHelper.invokeMethod(MethodInvocationHelper.java:132)
at org.testng.internal.MethodInvocationHelper.invokeMethodConsideringTimeout(MethodInvocationHelper.java:61)
at org.testng.internal.ConfigInvoker.invokeConfigurationMethod(ConfigInvoker.java:366)
at org.testng.internal.ConfigInvoker.invokeConfigurations(ConfigInvoker.java:320)
at org.testng.internal.TestInvoker.runConfigMethods(TestInvoker.java:701)
at org.testng.internal.TestInvoker.invokeMethod(TestInvoker.java:527)
at org.testng.internal.TestInvoker.invokeTestMethod(TestInvoker.java:174)
at org.testng.internal.MethodRunner.runInSequence(MethodRunner.java:46)
at org.testng.internal.TestInvoker$MethodInvocationAgent.invoke(TestInvoker.java:822)
at org.testng.internal.TestInvoker.invokeTestMethods(TestInvoker.java:147)
at org.testng.internal.TestMethodWorker.invokeTestMethods(TestMethodWorker.java:146)
at org.testng.internal.TestMethodWorker.run(TestMethodWorker.java:128)
at java.util.ArrayList.forEach(ArrayList.java:1257)
at org.testng.TestRunner.privateRun(TestRunner.java:764)
at org.testng.TestRunner.run(TestRunner.java:585)
at org.testng.SuiteRunner.runTest(SuiteRunner.java:384)
at org.testng.SuiteRunner.runSequentially(SuiteRunner.java:378)
at org.testng.SuiteRunner.privateRun(SuiteRunner.java:337)
at org.testng.SuiteRunner.run(SuiteRunner.java:286)
at org.testng.SuiteRunnerWorker.runSuite(SuiteRunnerWorker.java:53)
at org.testng.SuiteRunnerWorker.run(SuiteRunnerWorker.java:96)
at org.testng.TestNG.runSuitesSequentially(TestNG.java:1218)
at org.testng.TestNG.runSuitesLocally(TestNG.java:1140)
at org.testng.TestNG.runSuites(TestNG.java:1069)
at org.testng.TestNG.run(TestNG.java:1037)
at org.testng.remote.AbstractRemoteTestNG.run(AbstractRemoteTestNG.java:115)
at org.testng.remote.RemoteTestNG.initAndRun(RemoteTestNG.java:251)
at org.testng.remote.RemoteTestNG.main(RemoteTestNG.java:77)
]]>
    </failure>
  </testcase> <!-- @BeforeMethod setUp -->
  <testcase name="@AfterMethod tearDown" time="-1.612962888001E9" classname="com.exl.qa.testcases.SearchPageTest">
    <skipped/>
  </testcase> <!-- @AfterMethod tearDown -->
  <testcase name="@BeforeMethod setUp" time="-1.612962888007E9" classname="com.exl.qa.testcases.SearchPageTest">
    <skipped/>
  </testcase> <!-- @BeforeMethod setUp -->
  <testcase name="@AfterMethod tearDown" time="-1.612962888019E9" classname="com.exl.qa.testcases.SearchPageTest">
    <skipped/>
  </testcase> <!-- @AfterMethod tearDown -->
  <testcase name="verifySearchPageTitleTest" time="0.0" classname="com.exl.qa.testcases.SearchPageTest">
    <skipped/>
  </testcase> <!-- verifySearchPageTitleTest -->
  <testcase name="verifyEnterTextOnSerchBox" time="0.0" classname="com.exl.qa.testcases.SearchPageTest">
    <skipped/>
  </testcase> <!-- verifyEnterTextOnSerchBox -->
</testsuite> <!-- Default test -->
