<?xml version="1.0" encoding="UTF-8"?>
<!-- Generated by org.testng.reporters.JUnitXMLReporter -->
<testsuite hostname="DESKTOP-K9KL98S" ignored="0" name="Test" tests="2" failures="0" timestamp="2021-04-19T07:36:25 IST" time="15.664" errors="0">
  <testcase name="@BeforeMethod setUp" time="15.24" classname="com.exl.qa.testcases.SearchPageTest">
    <failure type="org.openqa.selenium.SessionNotCreatedException" message="session not created: This version of ChromeDriver only supports Chrome version 85
Build info: version: &amp;apos;3.141.59&amp;apos;, revision: &amp;apos;e82be7d358&amp;apos;, time: &amp;apos;2018-11-14T08:17:03&amp;apos;
System info: host: &amp;apos;DESKTOP-K9KL98S&amp;apos;, ip: &amp;apos;192.168.99.1&amp;apos;, os.name: &amp;apos;Windows 10&amp;apos;, os.arch: &amp;apos;amd64&amp;apos;, os.version: &amp;apos;10.0&amp;apos;, java.version: &amp;apos;1.8.0_241&amp;apos;
Driver info: driver.version: ChromeDriver
remote stacktrace: Backtrace:
	Ordinal0 [0x013BD383+3134339]
	Ordinal0 [0x012AA171+2007409]
	Ordinal0 [0x0114AEE8+569064]
	Ordinal0 [0x010D139F+70559]
	Ordinal0 [0x010CCC63+52323]
	Ordinal0 [0x010F0DFC+200188]
	Ordinal0 [0x010F0C1D+199709]
	Ordinal0 [0x010EEB0B+191243]
	Ordinal0 [0x010D2E77+77431]
	Ordinal0 [0x010D3E3E+81470]
	Ordinal0 [0x010D3DC9+81353]
	Ordinal0 [0x012C0CD9+2100441]
	GetHandleVerifier [0x0152B75A+1396954]
	GetHandleVerifier [0x0152B3D9+1396057]
	GetHandleVerifier [0x01537126+1444518]
	GetHandleVerifier [0x0152BCE8+1398376]
	Ordinal0 [0x012B7F51+2064209]
	Ordinal0 [0x012C22EB+2106091]
	Ordinal0 [0x012C2411+2106385]
	Ordinal0 [0x012D49C4+2181572]
	BaseThreadInitThunk [0x74F73744+36]
	RtlSetCurrentTransaction [0x77ADA064+212]
	RtlSetCurrentTransaction [0x77ADA02F+159]
">
      <![CDATA[org.openqa.selenium.SessionNotCreatedException: session not created: This version of ChromeDriver only supports Chrome version 85
Build info: version: '3.141.59', revision: 'e82be7d358', time: '2018-11-14T08:17:03'
System info: host: 'DESKTOP-K9KL98S', ip: '192.168.99.1', os.name: 'Windows 10', os.arch: 'amd64', os.version: '10.0', java.version: '1.8.0_241'
Driver info: driver.version: ChromeDriver
remote stacktrace: Backtrace:
Ordinal0 [0x013BD383+3134339]
Ordinal0 [0x012AA171+2007409]
Ordinal0 [0x0114AEE8+569064]
Ordinal0 [0x010D139F+70559]
Ordinal0 [0x010CCC63+52323]
Ordinal0 [0x010F0DFC+200188]
Ordinal0 [0x010F0C1D+199709]
Ordinal0 [0x010EEB0B+191243]
Ordinal0 [0x010D2E77+77431]
Ordinal0 [0x010D3E3E+81470]
Ordinal0 [0x010D3DC9+81353]
Ordinal0 [0x012C0CD9+2100441]
GetHandleVerifier [0x0152B75A+1396954]
GetHandleVerifier [0x0152B3D9+1396057]
GetHandleVerifier [0x01537126+1444518]
GetHandleVerifier [0x0152BCE8+1398376]
Ordinal0 [0x012B7F51+2064209]
Ordinal0 [0x012C22EB+2106091]
Ordinal0 [0x012C2411+2106385]
Ordinal0 [0x012D49C4+2181572]
BaseThreadInitThunk [0x74F73744+36]
RtlSetCurrentTransaction [0x77ADA064+212]
RtlSetCurrentTransaction [0x77ADA02F+159]

at org.openqa.selenium.remote.W3CHandshakeResponse.lambda$errorHandler$0(W3CHandshakeResponse.java:62)
at org.openqa.selenium.remote.HandshakeResponse.lambda$getResponseFunction$0(HandshakeResponse.java:30)
at org.openqa.selenium.remote.ProtocolHandshake.lambda$createSession$0(ProtocolHandshake.java:126)
at java.util.stream.ReferencePipeline$3$1.accept(ReferencePipeline.java:193)
at java.util.Spliterators$ArraySpliterator.tryAdvance(Spliterators.java:958)
at java.util.stream.ReferencePipeline.forEachWithCancel(ReferencePipeline.java:126)
at java.util.stream.AbstractPipeline.copyIntoWithCancel(AbstractPipeline.java:499)
at java.util.stream.AbstractPipeline.copyInto(AbstractPipeline.java:486)
at java.util.stream.AbstractPipeline.wrapAndCopyInto(AbstractPipeline.java:472)
at java.util.stream.FindOps$FindOp.evaluateSequential(FindOps.java:152)
at java.util.stream.AbstractPipeline.evaluate(AbstractPipeline.java:234)
at java.util.stream.ReferencePipeline.findFirst(ReferencePipeline.java:464)
at org.openqa.selenium.remote.ProtocolHandshake.createSession(ProtocolHandshake.java:128)
at org.openqa.selenium.remote.ProtocolHandshake.createSession(ProtocolHandshake.java:74)
at org.openqa.selenium.remote.HttpCommandExecutor.execute(HttpCommandExecutor.java:136)
at org.openqa.selenium.remote.service.DriverCommandExecutor.execute(DriverCommandExecutor.java:83)
at org.openqa.selenium.remote.RemoteWebDriver.execute(RemoteWebDriver.java:552)
at org.openqa.selenium.remote.RemoteWebDriver.startSession(RemoteWebDriver.java:213)
at org.openqa.selenium.remote.RemoteWebDriver.<init>(RemoteWebDriver.java:131)
at org.openqa.selenium.chrome.ChromeDriver.<init>(ChromeDriver.java:181)
at org.openqa.selenium.chrome.ChromeDriver.<init>(ChromeDriver.java:168)
at org.openqa.selenium.chrome.ChromeDriver.<init>(ChromeDriver.java:123)
at com.exl.qa.base.TestBase.initilization(TestBase.java:46)
at com.exl.qa.testcases.SearchPageTest.setUp(SearchPageTest.java:25)
at java.util.ArrayList.forEach(ArrayList.java:1257)
... Removed 35 stack frames]]>
    </failure>
  </testcase> <!-- @BeforeMethod setUp -->
  <testcase name="@AfterMethod tearDown" time="-1.618797985703E9" classname="com.exl.qa.testcases.SearchPageTest">
    <skipped/>
  </testcase> <!-- @AfterMethod tearDown -->
  <testcase name="@BeforeMethod setUp" time="-1.618797985709E9" classname="com.exl.qa.testcases.SearchPageTest">
    <skipped/>
  </testcase> <!-- @BeforeMethod setUp -->
  <testcase name="@AfterMethod tearDown" time="-1.618797985718E9" classname="com.exl.qa.testcases.SearchPageTest">
    <skipped/>
  </testcase> <!-- @AfterMethod tearDown -->
  <testcase name="verifySearchPageTitleTest" time="0.0" classname="com.exl.qa.testcases.SearchPageTest">
    <skipped/>
  </testcase> <!-- verifySearchPageTitleTest -->
  <testcase name="verifyEnterTextOnSerchBox" time="0.0" classname="com.exl.qa.testcases.SearchPageTest">
    <skipped/>
  </testcase> <!-- verifyEnterTextOnSerchBox -->
</testsuite> <!-- Test -->
