<?xml version="1.0" encoding="UTF-8"?>
<testng-results skipped="2" failed="0" ignored="0" total="2" passed="0">
  <reporter-output>
  </reporter-output>
  <suite name="Suite" duration-ms="15664" started-at="2021-04-19T07:36:10 IST" finished-at="2021-04-19T07:36:25 IST">
    <groups>
    </groups>
    <test name="Test" duration-ms="15664" started-at="2021-04-19T07:36:10 IST" finished-at="2021-04-19T07:36:25 IST">
      <class name="com.exl.qa.testcases.SearchPageTest">
        <test-method status="FAIL" signature="setUp()[pri:0, instance:com.exl.qa.testcases.SearchPageTest@3e57cd70]" name="setUp" is-config="true" duration-ms="15240" started-at="2021-04-19T07:36:10 IST" finished-at="2021-04-19T07:36:25 IST">
          <exception class="org.openqa.selenium.SessionNotCreatedException">
            <message>
              <![CDATA[session not created: This version of ChromeDriver only supports Chrome version 85
Build info: version: '3.141.59', revision: 'e82be7d358', time: '2018-11-14T08:17:03'
System info: host: 'DESKTOP-K9KL98S', ip: '192.168.99.1', os.name: 'Windows 10', os.arch: 'amd64', os.version: '10.0', java.version: '1.8.0_241'
Driver info: driver.version: ChromeDriver
remote stacktrace: Backtrace:
Ordinal0 [0x013BD383+3134339]
Ordinal0 [0x012AA171+2007409]
Ordinal0 [0x0114AEE8+569064]
Ordinal0 [0x010D139F+70559]
Ordinal0 [0x010CCC63+52323]
Ordinal0 [0x010F0DFC+200188]
Ordinal0 [0x010F0C1D+199709]
Ordinal0 [0x010EEB0B+191243]
Ordinal0 [0x010D2E77+77431]
Ordinal0 [0x010D3E3E+81470]
Ordinal0 [0x010D3DC9+81353]
Ordinal0 [0x012C0CD9+2100441]
GetHandleVerifier [0x0152B75A+1396954]
GetHandleVerifier [0x0152B3D9+1396057]
GetHandleVerifier [0x01537126+1444518]
GetHandleVerifier [0x0152BCE8+1398376]
Ordinal0 [0x012B7F51+2064209]
Ordinal0 [0x012C22EB+2106091]
Ordinal0 [0x012C2411+2106385]
Ordinal0 [0x012D49C4+2181572]
BaseThreadInitThunk [0x74F73744+36]
RtlSetCurrentTransaction [0x77ADA064+212]
RtlSetCurrentTransaction [0x77ADA02F+159]
]]>
            </message>
            <full-stacktrace>
              <![CDATA[org.openqa.selenium.SessionNotCreatedException: session not created: This version of ChromeDriver only supports Chrome version 85
Build info: version: '3.141.59', revision: 'e82be7d358', time: '2018-11-14T08:17:03'
System info: host: 'DESKTOP-K9KL98S', ip: '192.168.99.1', os.name: 'Windows 10', os.arch: 'amd64', os.version: '10.0', java.version: '1.8.0_241'
Driver info: driver.version: ChromeDriver
remote stacktrace: Backtrace:
Ordinal0 [0x013BD383+3134339]
Ordinal0 [0x012AA171+2007409]
Ordinal0 [0x0114AEE8+569064]
Ordinal0 [0x010D139F+70559]
Ordinal0 [0x010CCC63+52323]
Ordinal0 [0x010F0DFC+200188]
Ordinal0 [0x010F0C1D+199709]
Ordinal0 [0x010EEB0B+191243]
Ordinal0 [0x010D2E77+77431]
Ordinal0 [0x010D3E3E+81470]
Ordinal0 [0x010D3DC9+81353]
Ordinal0 [0x012C0CD9+2100441]
GetHandleVerifier [0x0152B75A+1396954]
GetHandleVerifier [0x0152B3D9+1396057]
GetHandleVerifier [0x01537126+1444518]
GetHandleVerifier [0x0152BCE8+1398376]
Ordinal0 [0x012B7F51+2064209]
Ordinal0 [0x012C22EB+2106091]
Ordinal0 [0x012C2411+2106385]
Ordinal0 [0x012D49C4+2181572]
BaseThreadInitThunk [0x74F73744+36]
RtlSetCurrentTransaction [0x77ADA064+212]
RtlSetCurrentTransaction [0x77ADA02F+159]

at sun.reflect.NativeConstructorAccessorImpl.newInstance0(Native Method)
at sun.reflect.NativeConstructorAccessorImpl.newInstance(NativeConstructorAccessorImpl.java:62)
at sun.reflect.DelegatingConstructorAccessorImpl.newInstance(DelegatingConstructorAccessorImpl.java:45)
at java.lang.reflect.Constructor.newInstance(Constructor.java:423)
at org.openqa.selenium.remote.W3CHandshakeResponse.lambda$errorHandler$0(W3CHandshakeResponse.java:62)
at org.openqa.selenium.remote.HandshakeResponse.lambda$getResponseFunction$0(HandshakeResponse.java:30)
at org.openqa.selenium.remote.ProtocolHandshake.lambda$createSession$0(ProtocolHandshake.java:126)
at java.util.stream.ReferencePipeline$3$1.accept(ReferencePipeline.java:193)
at java.util.Spliterators$ArraySpliterator.tryAdvance(Spliterators.java:958)
at java.util.stream.ReferencePipeline.forEachWithCancel(ReferencePipeline.java:126)
at java.util.stream.AbstractPipeline.copyIntoWithCancel(AbstractPipeline.java:499)
at java.util.stream.AbstractPipeline.copyInto(AbstractPipeline.java:486)
at java.util.stream.AbstractPipeline.wrapAndCopyInto(AbstractPipeline.java:472)
at java.util.stream.FindOps$FindOp.evaluateSequential(FindOps.java:152)
at java.util.stream.AbstractPipeline.evaluate(AbstractPipeline.java:234)
at java.util.stream.ReferencePipeline.findFirst(ReferencePipeline.java:464)
at org.openqa.selenium.remote.ProtocolHandshake.createSession(ProtocolHandshake.java:128)
at org.openqa.selenium.remote.ProtocolHandshake.createSession(ProtocolHandshake.java:74)
at org.openqa.selenium.remote.HttpCommandExecutor.execute(HttpCommandExecutor.java:136)
at org.openqa.selenium.remote.service.DriverCommandExecutor.execute(DriverCommandExecutor.java:83)
at org.openqa.selenium.remote.RemoteWebDriver.execute(RemoteWebDriver.java:552)
at org.openqa.selenium.remote.RemoteWebDriver.startSession(RemoteWebDriver.java:213)
at org.openqa.selenium.remote.RemoteWebDriver.<init>(RemoteWebDriver.java:131)
at org.openqa.selenium.chrome.ChromeDriver.<init>(ChromeDriver.java:181)
at org.openqa.selenium.chrome.ChromeDriver.<init>(ChromeDriver.java:168)
at org.openqa.selenium.chrome.ChromeDriver.<init>(ChromeDriver.java:123)
at com.exl.qa.base.TestBase.initilization(TestBase.java:46)
at com.exl.qa.testcases.SearchPageTest.setUp(SearchPageTest.java:25)
at sun.reflect.NativeMethodAccessorImpl.invoke0(Native Method)
at sun.reflect.NativeMethodAccessorImpl.invoke(NativeMethodAccessorImpl.java:62)
at sun.reflect.DelegatingMethodAccessorImpl.invoke(DelegatingMethodAccessorImpl.java:43)
at java.lang.reflect.Method.invoke(Method.java:498)
at org.testng.internal.MethodInvocationHelper.invokeMethod(MethodInvocationHelper.java:132)
at org.testng.internal.MethodInvocationHelper.invokeMethodConsideringTimeout(MethodInvocationHelper.java:61)
at org.testng.internal.ConfigInvoker.invokeConfigurationMethod(ConfigInvoker.java:366)
at org.testng.internal.ConfigInvoker.invokeConfigurations(ConfigInvoker.java:320)
at org.testng.internal.TestInvoker.runConfigMethods(TestInvoker.java:701)
at org.testng.internal.TestInvoker.invokeMethod(TestInvoker.java:527)
at org.testng.internal.TestInvoker.invokeTestMethod(TestInvoker.java:174)
at org.testng.internal.MethodRunner.runInSequence(MethodRunner.java:46)
at org.testng.internal.TestInvoker$MethodInvocationAgent.invoke(TestInvoker.java:822)
at org.testng.internal.TestInvoker.invokeTestMethods(TestInvoker.java:147)
at org.testng.internal.TestMethodWorker.invokeTestMethods(TestMethodWorker.java:146)
at org.testng.internal.TestMethodWorker.run(TestMethodWorker.java:128)
at java.util.ArrayList.forEach(ArrayList.java:1257)
at org.testng.TestRunner.privateRun(TestRunner.java:764)
at org.testng.TestRunner.run(TestRunner.java:585)
at org.testng.SuiteRunner.runTest(SuiteRunner.java:384)
at org.testng.SuiteRunner.runSequentially(SuiteRunner.java:378)
at org.testng.SuiteRunner.privateRun(SuiteRunner.java:337)
at org.testng.SuiteRunner.run(SuiteRunner.java:286)
at org.testng.SuiteRunnerWorker.runSuite(SuiteRunnerWorker.java:53)
at org.testng.SuiteRunnerWorker.run(SuiteRunnerWorker.java:96)
at org.testng.TestNG.runSuitesSequentially(TestNG.java:1218)
at org.testng.TestNG.runSuitesLocally(TestNG.java:1140)
at org.testng.TestNG.runSuites(TestNG.java:1069)
at org.testng.TestNG.run(TestNG.java:1037)
at org.testng.remote.AbstractRemoteTestNG.run(AbstractRemoteTestNG.java:115)
at org.testng.remote.RemoteTestNG.initAndRun(RemoteTestNG.java:251)
at org.testng.remote.RemoteTestNG.main(RemoteTestNG.java:77)
]]>
            </full-stacktrace>
          </exception> <!-- org.openqa.selenium.SessionNotCreatedException -->
          <reporter-output>
          </reporter-output>
        </test-method> <!-- setUp -->
        <test-method status="SKIP" signature="verifySearchPageTitleTest()[pri:1, instance:com.exl.qa.testcases.SearchPageTest@3e57cd70]" name="verifySearchPageTitleTest" duration-ms="0" started-at="2021-04-19T07:36:25 IST" finished-at="2021-04-19T07:36:25 IST">
          <exception class="org.openqa.selenium.SessionNotCreatedException">
            <message>
              <![CDATA[session not created: This version of ChromeDriver only supports Chrome version 85
Build info: version: '3.141.59', revision: 'e82be7d358', time: '2018-11-14T08:17:03'
System info: host: 'DESKTOP-K9KL98S', ip: '192.168.99.1', os.name: 'Windows 10', os.arch: 'amd64', os.version: '10.0', java.version: '1.8.0_241'
Driver info: driver.version: ChromeDriver
remote stacktrace: Backtrace:
Ordinal0 [0x013BD383+3134339]
Ordinal0 [0x012AA171+2007409]
Ordinal0 [0x0114AEE8+569064]
Ordinal0 [0x010D139F+70559]
Ordinal0 [0x010CCC63+52323]
Ordinal0 [0x010F0DFC+200188]
Ordinal0 [0x010F0C1D+199709]
Ordinal0 [0x010EEB0B+191243]
Ordinal0 [0x010D2E77+77431]
Ordinal0 [0x010D3E3E+81470]
Ordinal0 [0x010D3DC9+81353]
Ordinal0 [0x012C0CD9+2100441]
GetHandleVerifier [0x0152B75A+1396954]
GetHandleVerifier [0x0152B3D9+1396057]
GetHandleVerifier [0x01537126+1444518]
GetHandleVerifier [0x0152BCE8+1398376]
Ordinal0 [0x012B7F51+2064209]
Ordinal0 [0x012C22EB+2106091]
Ordinal0 [0x012C2411+2106385]
Ordinal0 [0x012D49C4+2181572]
BaseThreadInitThunk [0x74F73744+36]
RtlSetCurrentTransaction [0x77ADA064+212]
RtlSetCurrentTransaction [0x77ADA02F+159]
]]>
            </message>
            <full-stacktrace>
              <![CDATA[org.openqa.selenium.SessionNotCreatedException: session not created: This version of ChromeDriver only supports Chrome version 85
Build info: version: '3.141.59', revision: 'e82be7d358', time: '2018-11-14T08:17:03'
System info: host: 'DESKTOP-K9KL98S', ip: '192.168.99.1', os.name: 'Windows 10', os.arch: 'amd64', os.version: '10.0', java.version: '1.8.0_241'
Driver info: driver.version: ChromeDriver
remote stacktrace: Backtrace:
Ordinal0 [0x013BD383+3134339]
Ordinal0 [0x012AA171+2007409]
Ordinal0 [0x0114AEE8+569064]
Ordinal0 [0x010D139F+70559]
Ordinal0 [0x010CCC63+52323]
Ordinal0 [0x010F0DFC+200188]
Ordinal0 [0x010F0C1D+199709]
Ordinal0 [0x010EEB0B+191243]
Ordinal0 [0x010D2E77+77431]
Ordinal0 [0x010D3E3E+81470]
Ordinal0 [0x010D3DC9+81353]
Ordinal0 [0x012C0CD9+2100441]
GetHandleVerifier [0x0152B75A+1396954]
GetHandleVerifier [0x0152B3D9+1396057]
GetHandleVerifier [0x01537126+1444518]
GetHandleVerifier [0x0152BCE8+1398376]
Ordinal0 [0x012B7F51+2064209]
Ordinal0 [0x012C22EB+2106091]
Ordinal0 [0x012C2411+2106385]
Ordinal0 [0x012D49C4+2181572]
BaseThreadInitThunk [0x74F73744+36]
RtlSetCurrentTransaction [0x77ADA064+212]
RtlSetCurrentTransaction [0x77ADA02F+159]

at sun.reflect.NativeConstructorAccessorImpl.newInstance0(Native Method)
at sun.reflect.NativeConstructorAccessorImpl.newInstance(NativeConstructorAccessorImpl.java:62)
at sun.reflect.DelegatingConstructorAccessorImpl.newInstance(DelegatingConstructorAccessorImpl.java:45)
at java.lang.reflect.Constructor.newInstance(Constructor.java:423)
at org.openqa.selenium.remote.W3CHandshakeResponse.lambda$errorHandler$0(W3CHandshakeResponse.java:62)
at org.openqa.selenium.remote.HandshakeResponse.lambda$getResponseFunction$0(HandshakeResponse.java:30)
at org.openqa.selenium.remote.ProtocolHandshake.lambda$createSession$0(ProtocolHandshake.java:126)
at java.util.stream.ReferencePipeline$3$1.accept(ReferencePipeline.java:193)
at java.util.Spliterators$ArraySpliterator.tryAdvance(Spliterators.java:958)
at java.util.stream.ReferencePipeline.forEachWithCancel(ReferencePipeline.java:126)
at java.util.stream.AbstractPipeline.copyIntoWithCancel(AbstractPipeline.java:499)
at java.util.stream.AbstractPipeline.copyInto(AbstractPipeline.java:486)
at java.util.stream.AbstractPipeline.wrapAndCopyInto(AbstractPipeline.java:472)
at java.util.stream.FindOps$FindOp.evaluateSequential(FindOps.java:152)
at java.util.stream.AbstractPipeline.evaluate(AbstractPipeline.java:234)
at java.util.stream.ReferencePipeline.findFirst(ReferencePipeline.java:464)
at org.openqa.selenium.remote.ProtocolHandshake.createSession(ProtocolHandshake.java:128)
at org.openqa.selenium.remote.ProtocolHandshake.createSession(ProtocolHandshake.java:74)
at org.openqa.selenium.remote.HttpCommandExecutor.execute(HttpCommandExecutor.java:136)
at org.openqa.selenium.remote.service.DriverCommandExecutor.execute(DriverCommandExecutor.java:83)
at org.openqa.selenium.remote.RemoteWebDriver.execute(RemoteWebDriver.java:552)
at org.openqa.selenium.remote.RemoteWebDriver.startSession(RemoteWebDriver.java:213)
at org.openqa.selenium.remote.RemoteWebDriver.<init>(RemoteWebDriver.java:131)
at org.openqa.selenium.chrome.ChromeDriver.<init>(ChromeDriver.java:181)
at org.openqa.selenium.chrome.ChromeDriver.<init>(ChromeDriver.java:168)
at org.openqa.selenium.chrome.ChromeDriver.<init>(ChromeDriver.java:123)
at com.exl.qa.base.TestBase.initilization(TestBase.java:46)
at com.exl.qa.testcases.SearchPageTest.setUp(SearchPageTest.java:25)
at sun.reflect.NativeMethodAccessorImpl.invoke0(Native Method)
at sun.reflect.NativeMethodAccessorImpl.invoke(NativeMethodAccessorImpl.java:62)
at sun.reflect.DelegatingMethodAccessorImpl.invoke(DelegatingMethodAccessorImpl.java:43)
at java.lang.reflect.Method.invoke(Method.java:498)
at org.testng.internal.MethodInvocationHelper.invokeMethod(MethodInvocationHelper.java:132)
at org.testng.internal.MethodInvocationHelper.invokeMethodConsideringTimeout(MethodInvocationHelper.java:61)
at org.testng.internal.ConfigInvoker.invokeConfigurationMethod(ConfigInvoker.java:366)
at org.testng.internal.ConfigInvoker.invokeConfigurations(ConfigInvoker.java:320)
at org.testng.internal.TestInvoker.runConfigMethods(TestInvoker.java:701)
at org.testng.internal.TestInvoker.invokeMethod(TestInvoker.java:527)
at org.testng.internal.TestInvoker.invokeTestMethod(TestInvoker.java:174)
at org.testng.internal.MethodRunner.runInSequence(MethodRunner.java:46)
at org.testng.internal.TestInvoker$MethodInvocationAgent.invoke(TestInvoker.java:822)
at org.testng.internal.TestInvoker.invokeTestMethods(TestInvoker.java:147)
at org.testng.internal.TestMethodWorker.invokeTestMethods(TestMethodWorker.java:146)
at org.testng.internal.TestMethodWorker.run(TestMethodWorker.java:128)
at java.util.ArrayList.forEach(ArrayList.java:1257)
at org.testng.TestRunner.privateRun(TestRunner.java:764)
at org.testng.TestRunner.run(TestRunner.java:585)
at org.testng.SuiteRunner.runTest(SuiteRunner.java:384)
at org.testng.SuiteRunner.runSequentially(SuiteRunner.java:378)
at org.testng.SuiteRunner.privateRun(SuiteRunner.java:337)
at org.testng.SuiteRunner.run(SuiteRunner.java:286)
at org.testng.SuiteRunnerWorker.runSuite(SuiteRunnerWorker.java:53)
at org.testng.SuiteRunnerWorker.run(SuiteRunnerWorker.java:96)
at org.testng.TestNG.runSuitesSequentially(TestNG.java:1218)
at org.testng.TestNG.runSuitesLocally(TestNG.java:1140)
at org.testng.TestNG.runSuites(TestNG.java:1069)
at org.testng.TestNG.run(TestNG.java:1037)
at org.testng.remote.AbstractRemoteTestNG.run(AbstractRemoteTestNG.java:115)
at org.testng.remote.RemoteTestNG.initAndRun(RemoteTestNG.java:251)
at org.testng.remote.RemoteTestNG.main(RemoteTestNG.java:77)
]]>
            </full-stacktrace>
          </exception> <!-- org.openqa.selenium.SessionNotCreatedException -->
          <reporter-output>
          </reporter-output>
        </test-method> <!-- verifySearchPageTitleTest -->
        <test-method status="SKIP" signature="tearDown()[pri:0, instance:com.exl.qa.testcases.SearchPageTest@3e57cd70]" name="tearDown" is-config="true" duration-ms="-1618797985703" started-at="2021-04-19T07:36:25 IST" finished-at="1970-01-01T05:30:00 IST">
          <reporter-output>
          </reporter-output>
        </test-method> <!-- tearDown -->
        <test-method status="SKIP" signature="setUp()[pri:0, instance:com.exl.qa.testcases.SearchPageTest@3e57cd70]" name="setUp" is-config="true" duration-ms="-1618797985709" started-at="2021-04-19T07:36:25 IST" finished-at="1970-01-01T05:30:00 IST">
          <reporter-output>
          </reporter-output>
        </test-method> <!-- setUp -->
        <test-method status="SKIP" signature="verifyEnterTextOnSerchBox()[pri:2, instance:com.exl.qa.testcases.SearchPageTest@3e57cd70]" name="verifyEnterTextOnSerchBox" duration-ms="0" started-at="2021-04-19T07:36:25 IST" finished-at="2021-04-19T07:36:25 IST">
          <exception class="org.openqa.selenium.SessionNotCreatedException">
            <message>
              <![CDATA[session not created: This version of ChromeDriver only supports Chrome version 85
Build info: version: '3.141.59', revision: 'e82be7d358', time: '2018-11-14T08:17:03'
System info: host: 'DESKTOP-K9KL98S', ip: '192.168.99.1', os.name: 'Windows 10', os.arch: 'amd64', os.version: '10.0', java.version: '1.8.0_241'
Driver info: driver.version: ChromeDriver
remote stacktrace: Backtrace:
Ordinal0 [0x013BD383+3134339]
Ordinal0 [0x012AA171+2007409]
Ordinal0 [0x0114AEE8+569064]
Ordinal0 [0x010D139F+70559]
Ordinal0 [0x010CCC63+52323]
Ordinal0 [0x010F0DFC+200188]
Ordinal0 [0x010F0C1D+199709]
Ordinal0 [0x010EEB0B+191243]
Ordinal0 [0x010D2E77+77431]
Ordinal0 [0x010D3E3E+81470]
Ordinal0 [0x010D3DC9+81353]
Ordinal0 [0x012C0CD9+2100441]
GetHandleVerifier [0x0152B75A+1396954]
GetHandleVerifier [0x0152B3D9+1396057]
GetHandleVerifier [0x01537126+1444518]
GetHandleVerifier [0x0152BCE8+1398376]
Ordinal0 [0x012B7F51+2064209]
Ordinal0 [0x012C22EB+2106091]
Ordinal0 [0x012C2411+2106385]
Ordinal0 [0x012D49C4+2181572]
BaseThreadInitThunk [0x74F73744+36]
RtlSetCurrentTransaction [0x77ADA064+212]
RtlSetCurrentTransaction [0x77ADA02F+159]
]]>
            </message>
            <full-stacktrace>
              <![CDATA[org.openqa.selenium.SessionNotCreatedException: session not created: This version of ChromeDriver only supports Chrome version 85
Build info: version: '3.141.59', revision: 'e82be7d358', time: '2018-11-14T08:17:03'
System info: host: 'DESKTOP-K9KL98S', ip: '192.168.99.1', os.name: 'Windows 10', os.arch: 'amd64', os.version: '10.0', java.version: '1.8.0_241'
Driver info: driver.version: ChromeDriver
remote stacktrace: Backtrace:
Ordinal0 [0x013BD383+3134339]
Ordinal0 [0x012AA171+2007409]
Ordinal0 [0x0114AEE8+569064]
Ordinal0 [0x010D139F+70559]
Ordinal0 [0x010CCC63+52323]
Ordinal0 [0x010F0DFC+200188]
Ordinal0 [0x010F0C1D+199709]
Ordinal0 [0x010EEB0B+191243]
Ordinal0 [0x010D2E77+77431]
Ordinal0 [0x010D3E3E+81470]
Ordinal0 [0x010D3DC9+81353]
Ordinal0 [0x012C0CD9+2100441]
GetHandleVerifier [0x0152B75A+1396954]
GetHandleVerifier [0x0152B3D9+1396057]
GetHandleVerifier [0x01537126+1444518]
GetHandleVerifier [0x0152BCE8+1398376]
Ordinal0 [0x012B7F51+2064209]
Ordinal0 [0x012C22EB+2106091]
Ordinal0 [0x012C2411+2106385]
Ordinal0 [0x012D49C4+2181572]
BaseThreadInitThunk [0x74F73744+36]
RtlSetCurrentTransaction [0x77ADA064+212]
RtlSetCurrentTransaction [0x77ADA02F+159]

at sun.reflect.NativeConstructorAccessorImpl.newInstance0(Native Method)
at sun.reflect.NativeConstructorAccessorImpl.newInstance(NativeConstructorAccessorImpl.java:62)
at sun.reflect.DelegatingConstructorAccessorImpl.newInstance(DelegatingConstructorAccessorImpl.java:45)
at java.lang.reflect.Constructor.newInstance(Constructor.java:423)
at org.openqa.selenium.remote.W3CHandshakeResponse.lambda$errorHandler$0(W3CHandshakeResponse.java:62)
at org.openqa.selenium.remote.HandshakeResponse.lambda$getResponseFunction$0(HandshakeResponse.java:30)
at org.openqa.selenium.remote.ProtocolHandshake.lambda$createSession$0(ProtocolHandshake.java:126)
at java.util.stream.ReferencePipeline$3$1.accept(ReferencePipeline.java:193)
at java.util.Spliterators$ArraySpliterator.tryAdvance(Spliterators.java:958)
at java.util.stream.ReferencePipeline.forEachWithCancel(ReferencePipeline.java:126)
at java.util.stream.AbstractPipeline.copyIntoWithCancel(AbstractPipeline.java:499)
at java.util.stream.AbstractPipeline.copyInto(AbstractPipeline.java:486)
at java.util.stream.AbstractPipeline.wrapAndCopyInto(AbstractPipeline.java:472)
at java.util.stream.FindOps$FindOp.evaluateSequential(FindOps.java:152)
at java.util.stream.AbstractPipeline.evaluate(AbstractPipeline.java:234)
at java.util.stream.ReferencePipeline.findFirst(ReferencePipeline.java:464)
at org.openqa.selenium.remote.ProtocolHandshake.createSession(ProtocolHandshake.java:128)
at org.openqa.selenium.remote.ProtocolHandshake.createSession(ProtocolHandshake.java:74)
at org.openqa.selenium.remote.HttpCommandExecutor.execute(HttpCommandExecutor.java:136)
at org.openqa.selenium.remote.service.DriverCommandExecutor.execute(DriverCommandExecutor.java:83)
at org.openqa.selenium.remote.RemoteWebDriver.execute(RemoteWebDriver.java:552)
at org.openqa.selenium.remote.RemoteWebDriver.startSession(RemoteWebDriver.java:213)
at org.openqa.selenium.remote.RemoteWebDriver.<init>(RemoteWebDriver.java:131)
at org.openqa.selenium.chrome.ChromeDriver.<init>(ChromeDriver.java:181)
at org.openqa.selenium.chrome.ChromeDriver.<init>(ChromeDriver.java:168)
at org.openqa.selenium.chrome.ChromeDriver.<init>(ChromeDriver.java:123)
at com.exl.qa.base.TestBase.initilization(TestBase.java:46)
at com.exl.qa.testcases.SearchPageTest.setUp(SearchPageTest.java:25)
at sun.reflect.NativeMethodAccessorImpl.invoke0(Native Method)
at sun.reflect.NativeMethodAccessorImpl.invoke(NativeMethodAccessorImpl.java:62)
at sun.reflect.DelegatingMethodAccessorImpl.invoke(DelegatingMethodAccessorImpl.java:43)
at java.lang.reflect.Method.invoke(Method.java:498)
at org.testng.internal.MethodInvocationHelper.invokeMethod(MethodInvocationHelper.java:132)
at org.testng.internal.MethodInvocationHelper.invokeMethodConsideringTimeout(MethodInvocationHelper.java:61)
at org.testng.internal.ConfigInvoker.invokeConfigurationMethod(ConfigInvoker.java:366)
at org.testng.internal.ConfigInvoker.invokeConfigurations(ConfigInvoker.java:320)
at org.testng.internal.TestInvoker.runConfigMethods(TestInvoker.java:701)
at org.testng.internal.TestInvoker.invokeMethod(TestInvoker.java:527)
at org.testng.internal.TestInvoker.invokeTestMethod(TestInvoker.java:174)
at org.testng.internal.MethodRunner.runInSequence(MethodRunner.java:46)
at org.testng.internal.TestInvoker$MethodInvocationAgent.invoke(TestInvoker.java:822)
at org.testng.internal.TestInvoker.invokeTestMethods(TestInvoker.java:147)
at org.testng.internal.TestMethodWorker.invokeTestMethods(TestMethodWorker.java:146)
at org.testng.internal.TestMethodWorker.run(TestMethodWorker.java:128)
at java.util.ArrayList.forEach(ArrayList.java:1257)
at org.testng.TestRunner.privateRun(TestRunner.java:764)
at org.testng.TestRunner.run(TestRunner.java:585)
at org.testng.SuiteRunner.runTest(SuiteRunner.java:384)
at org.testng.SuiteRunner.runSequentially(SuiteRunner.java:378)
at org.testng.SuiteRunner.privateRun(SuiteRunner.java:337)
at org.testng.SuiteRunner.run(SuiteRunner.java:286)
at org.testng.SuiteRunnerWorker.runSuite(SuiteRunnerWorker.java:53)
at org.testng.SuiteRunnerWorker.run(SuiteRunnerWorker.java:96)
at org.testng.TestNG.runSuitesSequentially(TestNG.java:1218)
at org.testng.TestNG.runSuitesLocally(TestNG.java:1140)
at org.testng.TestNG.runSuites(TestNG.java:1069)
at org.testng.TestNG.run(TestNG.java:1037)
at org.testng.remote.AbstractRemoteTestNG.run(AbstractRemoteTestNG.java:115)
at org.testng.remote.RemoteTestNG.initAndRun(RemoteTestNG.java:251)
at org.testng.remote.RemoteTestNG.main(RemoteTestNG.java:77)
]]>
            </full-stacktrace>
          </exception> <!-- org.openqa.selenium.SessionNotCreatedException -->
          <reporter-output>
          </reporter-output>
        </test-method> <!-- verifyEnterTextOnSerchBox -->
        <test-method status="SKIP" signature="tearDown()[pri:0, instance:com.exl.qa.testcases.SearchPageTest@3e57cd70]" name="tearDown" is-config="true" duration-ms="-1618797985718" started-at="2021-04-19T07:36:25 IST" finished-at="1970-01-01T05:30:00 IST">
          <reporter-output>
          </reporter-output>
        </test-method> <!-- tearDown -->
      </class> <!-- com.exl.qa.testcases.SearchPageTest -->
    </test> <!-- Test -->
  </suite> <!-- Suite -->
</testng-results>
